writeCommonTags: couldn't write 'year' tag to 'The Lafayette Afro Rock Band - Darkest Light-piF-ObPhQPc.m4a' as it's not a positive integer
writeCommonTags: couldn't write 'track' tag to 'The Lafayette Afro Rock Band - Darkest Light-piF-ObPhQPc.m4a' as it's not a positive integer
writeCommonTags: couldn't write 'year' tag to 'Let's Get Ready To Rumble! - Sound Effect [HD]-V9olgaikTaI.m4a' as it's not a positive integer
writeCommonTags: couldn't write 'track' tag to 'Let's Get Ready To Rumble! - Sound Effect [HD]-V9olgaikTaI.m4a' as it's not a positive integer
writeCommonTags: couldn't write 'year' tag to 'Rainych Ran - Rainych ft Saii Your Lie in April  fwYXMupqp8A.m4a' as it's not a positive integer
writeCommonTags: couldn't write 'track' tag to 'Rainych Ran - Rainych ft Saii Your Lie in April  fwYXMupqp8A.m4a' as it's not a positive integer
writeCommonTags: couldn't write 'year' tag to 'Rainych SAY SO - Doja Cat _ Japanese Version (co EsZbWAqU8xY.m4a' as it's not a positive integer
writeCommonTags: couldn't write 'track' tag to 'Rainych SAY SO - Doja Cat _ Japanese Version (co EsZbWAqU8xY.m4a' as it's not a positive integer
writeCommonTags: couldn't write 'year' tag to 'Audien vs Krewalla – Iris Alive (Myon & Shane 54 Mashup)-98944084.m4a' as it's not a positive integer
writeCommonTags: couldn't write 'track' tag to 'Audien vs Krewalla – Iris Alive (Myon & Shane 54 Mashup)-98944084.m4a' as it's not a positive integer
writeCommonTags: couldn't write 'year' tag to '2nd Song.wav' as it's not a positive integer
writeCommonTags: couldn't write 'track' tag to '2nd Song.wav' as it's not a positive integer
writeCommonTags: couldn't write 'track' tag to 'Pamer Bojo Remix - Nofin Asia.m4a' as it's not a positive integer
writeCommonTags: couldn't write 'year' tag to 'Lagu padi terbaik full album-Jpzp4_CqpzY.m4a' as it's not a positive integer
writeCommonTags: couldn't write 'track' tag to 'Lagu padi terbaik full album-Jpzp4_CqpzY.m4a' as it's not a positive integer
writeCommonTags: couldn't write 'year' tag to 'Queen - Bohemian Rhapsody (EDM Remix).m4a' as it's not a positive integer
writeCommonTags: couldn't write 'track' tag to 'Queen - Bohemian Rhapsody (EDM Remix).m4a' as it's not a positive integer
writeCommonTags: couldn't write 'year' tag to 'Ikang Fawzi - Catatan Si Boy_flv tXQFUl47JYM.m4a' as it's not a positive integer
writeCommonTags: couldn't write 'track' tag to 'Ikang Fawzi - Catatan Si Boy_flv tXQFUl47JYM.m4a' as it's not a positive integer
writeCommonTags: couldn't write 'track' tag to 'KLa Project  - Tentang Kita ( Original Version) 8F3xWrNStVY.m4a' as it's not a positive integer
writeCommonTags: couldn't write 'year' tag to '2nd Song.wav' as it's not a positive integer
writeCommonTags: couldn't write 'track' tag to '2nd Song.wav' as it's not a positive integer
writeCommonTags: couldn't write 'year' tag to 'DJ BUKAN CINTA BIASA TIK TOK VIRAL 2020 (CINTAKU BUKAN DIATAS KERTAS)-oDo6MGDWlB0.m4a' as it's not a positive integer
writeCommonTags: couldn't write 'track' tag to 'DJ BUKAN CINTA BIASA TIK TOK VIRAL 2020 (CINTAKU BUKAN DIATAS KERTAS)-oDo6MGDWlB0.m4a' as it's not a positive integer
writeCommonTags: couldn't write 'year' tag to '12 Lagu The Best of KLa Project-_VgmX_lIAdQ.m4a' as it's not a positive integer
writeCommonTags: couldn't write 'track' tag to '12 Lagu The Best of KLa Project-_VgmX_lIAdQ.m4a' as it's not a positive integer
writeCommonTags: couldn't write 'year' tag to '7!! - Orange Full Version [PV]+Lyrics-Hy9s13hWsoc.m4a' as it's not a positive integer
writeCommonTags: couldn't write 'track' tag to '7!! - Orange Full Version [PV]+Lyrics-Hy9s13hWsoc.m4a' as it's not a positive integer
writeCommonTags: couldn't write 'year' tag to 'THE HERMANSYAH - REBORN, KIDNAP KATRINA MANGGUNG DI THE 90'S FESTIVAL-P8VEjdFIuE4.m4a' as it's not a positive integer
writeCommonTags: couldn't write 'track' tag to 'THE HERMANSYAH - REBORN, KIDNAP KATRINA MANGGUNG DI THE 90'S FESTIVAL-P8VEjdFIuE4.m4a' as it's not a positive integer
writeCommonTags: couldn't write 'year' tag to 'Kidnap   Katrina 1993, Full Album-rrBV_Zf_RJA.m4a' as it's not a positive integer
writeCommonTags: couldn't write 'track' tag to 'Kidnap   Katrina 1993, Full Album-rrBV_Zf_RJA.m4a' as it's not a positive integer
writeCommonTags: couldn't write 'year' tag to 'Kidnap - Biru    ( 90an)  Album Katrina-fqp9bWWDOtE.m4a' as it's not a positive integer
writeCommonTags: couldn't write 'track' tag to 'Kidnap - Biru    ( 90an)  Album Katrina-fqp9bWWDOtE.m4a' as it's not a positive integer
writeCommonTags: couldn't write 'year' tag to 'Kla Project - Klakustik #1 (1996) Full Album-tEKS3oGqmtM.m4a' as it's not a positive integer
writeCommonTags: couldn't write 'track' tag to 'Kla Project - Klakustik #1 (1996) Full Album-tEKS3oGqmtM.m4a' as it's not a positive integer
writeCommonTags: couldn't write 'year' tag to 'Kla Project - Klakustik #2 (1996) Full Album-EIH3o_7C1Ts.m4a' as it's not a positive integer
writeCommonTags: couldn't write 'track' tag to 'Kla Project - Klakustik #2 (1996) Full Album-EIH3o_7C1Ts.m4a' as it's not a positive integer
